2025-05-21 22:23:43.738 [main] INFO  de.ostfalia.ble.BluetoothManager - 正在注册属性变更处理器...
2025-05-21 22:23:43.741 [main] INFO  de.ostfalia.ble.BluetoothManager - 属性变更处理器注册完成
2025-05-21 22:23:43.741 [main] INFO  de.ostfalia.ble.BluetoothManager - 蓝牙管理器初始化完成
2025-05-21 22:24:40.677 [main] INFO  de.ostfalia.ble.BluetoothManager - 正在注册属性变更处理器...
2025-05-21 22:24:40.682 [main] INFO  de.ostfalia.ble.BluetoothManager - 属性变更处理器注册完成
2025-05-21 22:24:40.683 [main] INFO  de.ostfalia.ble.BluetoothManager - 蓝牙管理器初始化完成
2025-05-21 22:25:06.901 [main] INFO  de.ostfalia.ble.BluetoothManager - 正在注册属性变更处理器...
2025-05-21 22:25:06.906 [main] INFO  de.ostfalia.ble.BluetoothManager - 属性变更处理器注册完成
2025-05-21 22:25:06.906 [main] INFO  de.ostfalia.ble.BluetoothManager - 蓝牙管理器初始化完成
2025-05-21 22:25:57.101 [main] INFO  de.ostfalia.ble.BluetoothManager - 正在注册属性变更处理器...
2025-05-21 22:25:57.107 [main] INFO  de.ostfalia.ble.BluetoothManager - 属性变更处理器注册完成
2025-05-21 22:25:57.108 [main] INFO  de.ostfalia.ble.BluetoothManager - 蓝牙管理器初始化完成
2025-05-21 22:39:57.203 [main] INFO  de.ostfalia.ble.BluetoothManager - 正在注册属性变更处理器...
2025-05-21 22:39:57.206 [main] INFO  de.ostfalia.ble.BluetoothManager - 属性变更处理器注册完成
2025-05-21 22:39:57.206 [main] INFO  de.ostfalia.ble.BluetoothManager - 蓝牙管理器初始化完成
2025-05-21 22:54:47.597 [main] INFO  de.ostfalia.ble.BluetoothManager - 正在注册属性变更处理器...
2025-05-21 22:54:47.600 [main] INFO  de.ostfalia.ble.BluetoothManager - 属性变更处理器注册完成
2025-05-21 22:54:47.601 [main] INFO  de.ostfalia.ble.BluetoothManager - 蓝牙管理器初始化完成
2025-05-22 11:36:02.949 [main] INFO  de.ostfalia.ble.BluetoothManager - 正在注册属性变更处理器...
2025-05-22 11:36:02.954 [main] INFO  de.ostfalia.ble.BluetoothManager - 属性变更处理器注册完成
2025-05-22 11:36:02.954 [main] INFO  de.ostfalia.ble.BluetoothManager - 蓝牙管理器初始化完成
2025-05-22 11:37:08.660 [main] INFO  de.ostfalia.ble.BluetoothManager - 正在注册属性变更处理器...
2025-05-22 11:37:08.667 [main] INFO  de.ostfalia.ble.BluetoothManager - 属性变更处理器注册完成
2025-05-22 11:37:08.667 [main] INFO  de.ostfalia.ble.BluetoothManager - 蓝牙管理器初始化完成
2025-05-22 11:37:55.819 [main] INFO  de.ostfalia.ble.BluetoothManager - 正在注册属性变更处理器...
2025-05-22 11:37:55.822 [main] INFO  de.ostfalia.ble.BluetoothManager - 属性变更处理器注册完成
2025-05-22 11:37:55.822 [main] INFO  de.ostfalia.ble.BluetoothManager - 蓝牙管理器初始化完成
2025-05-31 23:54:16.393 [main] INFO  de.ostfalia.ble.BluetoothManager - 正在注册属性变更处理器...
2025-05-31 23:54:16.398 [main] INFO  de.ostfalia.ble.BluetoothManager - 属性变更处理器注册完成
2025-05-31 23:54:16.398 [main] INFO  de.ostfalia.ble.BluetoothManager - 蓝牙管理器初始化完成
2025-05-31 23:55:16.087 [main] INFO  de.ostfalia.ble.BluetoothManager - 正在注册属性变更处理器...
2025-05-31 23:55:16.090 [main] INFO  de.ostfalia.ble.BluetoothManager - 属性变更处理器注册完成
2025-05-31 23:55:16.091 [main] INFO  de.ostfalia.ble.BluetoothManager - 蓝牙管理器初始化完成
2025-06-01 15:13:39.797 [main] INFO  de.ostfalia.ble.BluetoothManager - 正在注册属性变更处理器...
2025-06-01 15:13:39.801 [main] INFO  de.ostfalia.ble.BluetoothManager - 属性变更处理器注册完成
2025-06-01 15:13:39.801 [main] INFO  de.ostfalia.ble.BluetoothManager - 蓝牙管理器初始化完成
2025-06-01 15:23:43.312 [main] INFO  de.ostfalia.ble.BluetoothManager - 正在注册属性变更处理器...
2025-06-01 15:23:43.317 [main] INFO  de.ostfalia.ble.BluetoothManager - 属性变更处理器注册完成
2025-06-01 15:23:43.317 [main] INFO  de.ostfalia.ble.BluetoothManager - 蓝牙管理器初始化完成
2025-06-01 15:25:32.535 [main] INFO  de.ostfalia.ble.BluetoothManager - 正在注册属性变更处理器...
2025-06-01 15:25:32.539 [main] INFO  de.ostfalia.ble.BluetoothManager - 属性变更处理器注册完成
2025-06-01 15:25:32.539 [main] INFO  de.ostfalia.ble.BluetoothManager - 蓝牙管理器初始化完成
2025-06-01 15:32:17.013 [main] INFO  de.ostfalia.ble.BluetoothManager - 正在注册属性变更处理器...
2025-06-01 15:32:17.017 [main] INFO  de.ostfalia.ble.BluetoothManager - 属性变更处理器注册完成
2025-06-01 15:32:17.017 [main] INFO  de.ostfalia.ble.BluetoothManager - 蓝牙管理器初始化完成
2025-06-01 15:39:04.195 [main] INFO  de.ostfalia.ble.BluetoothManager - 正在注册属性变更处理器...
2025-06-01 15:39:04.199 [main] INFO  de.ostfalia.ble.BluetoothManager - 属性变更处理器注册完成
2025-06-01 15:39:04.199 [main] INFO  de.ostfalia.ble.BluetoothManager - 蓝牙管理器初始化完成
2025-06-01 15:44:50.287 [main] INFO  de.ostfalia.ble.BluetoothManager - 正在注册属性变更处理器...
2025-06-01 15:44:50.292 [main] INFO  de.ostfalia.ble.BluetoothManager - 属性变更处理器注册完成
2025-06-01 15:44:50.292 [main] INFO  de.ostfalia.ble.BluetoothManager - 蓝牙管理器初始化完成
2025-06-01 15:52:23.390 [main] INFO  de.ostfalia.ble.BluetoothManager - 正在注册属性变更处理器...
2025-06-01 15:52:23.394 [main] INFO  de.ostfalia.ble.BluetoothManager - 属性变更处理器注册完成
2025-06-01 15:52:23.395 [main] INFO  de.ostfalia.ble.BluetoothManager - 蓝牙管理器初始化完成
2025-06-01 15:53:10.424 [main] INFO  de.ostfalia.ble.BluetoothManager - 正在注册属性变更处理器...
2025-06-01 15:53:10.430 [main] INFO  de.ostfalia.ble.BluetoothManager - 属性变更处理器注册完成
2025-06-01 15:53:10.431 [main] INFO  de.ostfalia.ble.BluetoothManager - 蓝牙管理器初始化完成
2025-06-01 15:53:13.228 [DBus-Signal-Receiver-1] WARN  de.ostfalia.ble.BluetoothManager - 未找到特性路径对应的对象: /org/bluez/hci0/dev_C1_3D_D6_47_73_EF/service0009/char000c
2025-06-01 15:53:13.378 [DBus-Signal-Receiver-1] WARN  de.ostfalia.ble.BluetoothManager - 未找到特性路径对应的对象: /org/bluez/hci0/dev_C1_3D_D6_47_73_EF/service0009/char000c
2025-06-01 15:53:25.766 [DBus-Signal-Receiver-1] WARN  de.ostfalia.ble.BluetoothManager - 未找到特性路径对应的对象: /org/bluez/hci0/dev_FA_CA_0B_C8_57_65/service0009/char000c
2025-06-01 15:53:25.827 [DBus-Signal-Receiver-1] WARN  de.ostfalia.ble.BluetoothManager - 未找到特性路径对应的对象: /org/bluez/hci0/dev_FA_CA_0B_C8_57_65/service0009/char000c
2025-06-01 16:08:37.251 [DBus-Signal-Receiver-1] WARN  de.ostfalia.ble.BluetoothManager - 未找到特性路径对应的对象: /org/bluez/hci0/dev_FA_CA_0B_C8_57_65/service0009/char000c
2025-06-01 16:49:37.778 [DBus-Signal-Receiver-1] WARN  de.ostfalia.ble.BluetoothManager - 未找到特性路径对应的对象: /org/bluez/hci0/dev_FA_CA_0B_C8_57_65/service0009/char000c
